GSE54272_maize_lcm_fpkm.txt
             GeneID  SEC4_bs_rep1  SEC4_bs_rep2  SEC4_me_rep1  SEC4_me_rep2      ...        SEC9_me_rep2  SEC14_bs_rep1  SEC14_bs_rep2  SEC14_me_rep1  SEC14_me_rep2
0  AC148152.3_FG001      0.000000      0.000000      0.000000      0.000000      ...            0.000000            0.0            0.0            0.0            0.0
1  AC148152.3_FG002      0.000000      0.000000      0.000000      0.000000      ...            0.000000            0.0            0.0            0.0            0.0
2  AC148152.3_FG005      0.113262      0.121484      2.108270      0.482299      ...            0.000000            0.0            0.0            0.0            0.0
3  AC148152.3_FG006      0.000000      0.175421      0.253693      0.232144      ...            0.070641            0.0            0.0            0.0            0.0
4  AC148152.3_FG007      0.000000      0.000000      0.000000      0.000000      ...            0.000000            0.0            0.0            0.0            0.0

[5 rows x 13 columns]

GSE79513_FPKM.txt
             GeneID    o2_rep1    o2_rep2    o2_rep3  PbfRNAi_rep1    ...      PbfRNAi_o2_rep2  PbfRNAi_o2_rep3    WT_rep1    WT_rep2    WT_rep3
0  AC148152.3_FG001   0.158072   0.031384   0.095929      0.125955    ...              0.00000         0.000000   0.244325   0.088584   0.028625
1  AC148152.3_FG005   0.109485   0.149506   0.333836      0.129525    ...              5.32589         6.049730   0.154119   1.368200   1.422210
2  AC148152.3_FG006   0.000000   0.000000   0.000000      0.000000    ...              0.00000         0.000000   0.000000   0.000000   0.000000
3  AC148152.3_FG008   0.050284   0.000000   0.000000      0.024083    ...              0.00000         0.029133   0.000000   0.000000   0.000000
4  AC148167.6_FG001  12.176500  14.880600  13.482600     12.352500    ...             11.34140        10.192200  16.687000  15.324000  15.327800

[5 rows x 13 columns]

GSE102036_gene_FPKM_table_anthers.txt
             GeneID     wt_PMeA  homo_PMeA     wt_MiA  homo_MiA
0  AC148152.3_FG001    0.000000    0.00000    0.00000    0.0000
1  AC148152.3_FG005    0.044811   59.25330    1.23671   46.9629
2  AC148152.3_FG006    0.000000    0.00000    0.00000    0.0000
3  AC148152.3_FG008   22.401500    5.46028   35.05310   10.8162
4  AC148167.6_FG001  112.938000   38.75830  273.87700   80.0871

GSE40070_cob-cntrl-treated-fpkm.mat.txt
             GeneID     MCC_1      MCC_2     MCD_1     MCD_2
0  AC147602.5_FG004   5.69834    7.67705   0.00000   0.00000
1  AC148152.3_FG005   4.89423    5.78490  15.87780  30.00580
2  AC148152.3_FG008   1.60245    1.20185   4.25881   3.82516
3  AC148167.6_FG001  36.37150   41.19630  49.20110  62.98940
4  AC149475.2_FG002  80.11940  101.44400  19.10390  20.06410

Install xlrd >= 0.9.0 for Excel support
Skipped! Error loading data from ../data/zea_mays/GSE115796_All_gene_FPKM.xls
GSE120135_RNA_maize_FPKM_value.txt
           GeneID  SLB_24hr_rep1  SLB_24hr_rep2  SLB_24hr_rep3  SLB_24hr_rep4  Con_24hr_rep1  Con_24hr_rep2  Con_24hr_rep3  Con_24hr_rep4
0  Zm00001d000001        275.075        416.193        251.970        233.008          9.789         13.513          7.301          6.905
1  Zm00001d000002          0.335          1.204          0.348          0.180          0.000          0.000          0.000          0.000
2  Zm00001d000003          0.000          0.000          0.000          0.000          0.000          0.000          0.000          0.000
3  Zm00001d000004         23.887         26.310         23.730         22.664         27.196         24.805         20.129         24.710
4  Zm00001d000005          0.118          0.122          0.122          0.285          0.105          0.124          0.035          0.105

GSE51047_wt_ra1_2mm_genes_fpkm_combined.txt
             GeneID   wt_FPKM  ra1_FPKM
0     GRMZM2G100965  0.474721  0.195878
1     GRMZM2G100979  0.723276  0.046251
2     GRMZM2G341658  0.458324  0.332376
3     GRMZM2G415022  1.047650  0.342585
4  AC195959.2_FG004  0.000000  0.000000

GSE130930_seed_fpkm.txt
          GeneID       S31        S32       S33       S34       S35        S36    ...           S64        S65        S66       S67       S68        S69        S70
0  GRMZM2G036455  0.097035   0.396608  0.725722  0.110026  0.000000   0.000000    ...      4.625616   0.019051   0.022453  2.290523  0.061898  11.975784  19.412051
1  GRMZM2G077989  7.112788  10.400576  8.407271  9.020384  9.283815  10.426291    ...      8.008784  11.936402  10.531118  6.198648  6.420205   3.861264   6.432865
2  GRMZM2G113378  0.020437   0.061688  0.222213  0.090252  0.427360   0.360203    ...      0.132943   0.389233   0.122891  0.380976  0.251597   0.021131   0.087430
3    MSTRG.49217  1.760625   0.124395  0.168141  0.115021  0.798015   0.296448    ...      1.630318   0.748070   0.115332  0.000000  0.000000   0.753808   0.000000
4  GRMZM2G132671  0.000000   0.000000  0.000000  0.000000  0.000000   0.000000    ...      0.000000   0.000000   0.000000  0.000000  0.000000   0.000000   0.000000

[5 rows x 41 columns]

GSE51047_wt_ra3_2mm_genes_fpkm_combined.txt
             GeneID   wt_FPKM  ra3_FPKM
0     GRMZM2G100965  0.445786  0.448102
1     GRMZM2G100979  0.678773  0.159081
2     GRMZM2G341658  0.429789  0.231459
3     GRMZM2G415022  0.985811  0.773425
4  AC195959.2_FG004  0.000000  0.000000

GSE127525_FPKM_of_gene_expression_anno.txt
          GeneID  Sample_B73_1  Sample_B73_2  Sample_B73_3  Sample_NI4_1  Sample_NI4_2  Sample_NI4_3
0  GRMZM5G800096           0.0           0.0           0.0           0.0      0.000000           0.0
1  GRMZM5G800101           0.0           0.0           0.0           0.0      0.000000           0.0
2  GRMZM5G800457           0.0           0.0           0.0           0.0      0.040068           0.0
3  GRMZM5G800780           0.0           0.0           0.0           0.0      0.000000           0.0
4  GRMZM5G800980           0.0           0.0           0.0           0.0      0.000000           0.0

GSE38413_Maize_Pericarp_25DAP_mRNA-Seq_genes.fpkm_tracking
             GeneID  Prr25_FPKM  Pww25_FPKM
0  AC147602.5_FG004      0.0000       0.000
1  AC148152.3_FG001      0.0000       0.000
2  AC148152.3_FG005     19.1296     126.771
3  AC148152.3_FG006      0.0000       0.000
4  AC148152.3_FG008      0.0000       0.000

GSE51047_tassel_dev_series_fpkm_combined.txt
             GeneID  tas_1_2mm_FPKM  tas_3_4mm_FPKM  tas_5_7mm_FPKM
0     GRMZM2G100965        0.138021        0.251663        0.801984
1     GRMZM2G100979        0.031925        0.174935        0.109071
2     GRMZM2G341658        0.278019        0.253870        0.183862
3     GRMZM2G415022        2.016410        3.086060        1.651640
4  AC195959.2_FG004        0.000000        0.000000        0.000000

GSE50191_FPKM.tsv
             GeneID        129        130       131        132       133       134    ...          R42      R43         S1       S2       S3       VMS1       VMS2
0     GRMZM2G178196   0.000000   0.000000   0.00000   0.000000  0.000000  0.000000    ...      0.00000   0.0000   0.000000   0.0000   0.0000   0.000000   0.000000
1     GRMZM2G300823   0.000000   0.000000   0.00000   0.000000  0.000000  0.000000    ...      0.00000   0.0000   0.000000   0.0000   0.0000   0.000000   0.000000
2  AC205376.4_FG003   0.338254   0.284782   1.21966   0.409735  0.274242  0.436272    ...      0.00000   0.0000   0.276256   0.0000   0.0000   0.239607   0.254906
3     GRMZM2G410783   0.000000   0.000000   0.00000   0.000000  0.000000  0.000000    ...      0.00000   0.0000   0.000000   0.0000   0.0000   0.000000   0.000000
4     GRMZM5G809265  10.808400  11.859800  11.13020  10.915100  9.464920  9.553120    ...      9.48552  29.0867  38.810200  23.4444  19.7002  16.284500  10.479000

[5 rows x 69 columns]

GSE71046_genes.fpkm_tracking.txt
             GeneID  B73_Control_T0_FPKM  B73_Drought_T0_FPKM          ...            rmr6_Drought_T7_FPKM  rmr6_Salt_T7_FPKM  rmr6_Combined_T7_FPKM
0  AC148152.3_FG001             0.000000              0.00000          ...                        0.033015           0.014219               0.008403
1  AC148152.3_FG002             0.000000              0.00000          ...                        0.000000           0.000000               0.000000
2  AC148152.3_FG005             0.209099              1.69101          ...                        0.765150           1.711230               0.371803
3  AC148152.3_FG006             0.000000              0.00000          ...                        0.000000           0.078652               0.051784
4  AC148152.3_FG007             0.000000              0.00000          ...                        0.000000           0.000000               0.000000

[5 rows x 17 columns]

GSE71046_isoforms.fpkm_tracking.txt
              GeneID  B73_Control_T0_FPKM  B73_Drought_T0_FPKM          ...            rmr6_Drought_T7_FPKM  rmr6_Salt_T7_FPKM  rmr6_Combined_T7_FPKM
0  AC148152.3_FGT001             0.000000              0.00000          ...                        0.033015           0.014219               0.008403
1  AC148152.3_FGT002             0.000000              0.00000          ...                        0.000000           0.000000               0.000000
2  AC148152.3_FGT005             0.209099              1.69101          ...                        0.765150           1.711230               0.371803
3  AC148152.3_FGT006             0.000000              0.00000          ...                        0.000000           0.078652               0.051784
4  AC148152.3_FGT007             0.000000              0.00000          ...                        0.000000           0.000000               0.000000

[5 rows x 17 columns]

GSE51047_wt_ra3_1mm_genes_fpkm_combined.txt
             GeneID   wt_FPKM  ra3_FPKM
0     GRMZM2G100965  0.615705  0.309433
1     GRMZM2G100979  0.000000  0.087270
2     GRMZM2G341658  0.412370  0.411374
3     GRMZM2G415022  2.834540  4.071470
4  AC195959.2_FG004  0.000000  0.000000

GSE57337_sx19_transcript_fpkms.txt
              GeneID  A9430100_SX19S10_M0267  A9430101_SX19S10_M0513           ...            A9430196_SX19S10_M0289  A9430197_SX19S10_M0567  A9430198_SX19S10_M0563
0  GRMZM2G146708_T01                  0.0000                 1.33775           ...                           0.00000                0.000000            9.470000e-28
1  GRMZM2G445266_T01                  0.0000                 0.00000           ...                           0.00000                0.429656            1.792980e-01
2  GRMZM2G364410_T01                  0.0000                 0.00000           ...                           0.00000                0.000000            0.000000e+00
3  GRMZM2G065430_T01                  1.9644                 1.54518           ...                           2.27817                1.568950            9.678640e-01
4  GRMZM5G899710_T01                  0.0000                 0.00000           ...                           0.00000                0.000000            0.000000e+00

[5 rows x 95 columns]

GSE83411_annotation_and_FPKM_expression_master_file.csv
             GeneID  WR_2007_rep1  WR_2007_rep2  WR_2007_rep3        ...          Weedy_2008_rep3  Control_2008_rep1  Control_2008_rep2  Control_2008_rep3
0  AC148152.3_FG001      0.051733      0.079097       0.09228        ...                  0.00000           0.441488           0.224049           0.052011
1  AC148152.3_FG002      0.000000      0.000000       0.00000        ...                  0.00000           0.000000           0.000000           0.000000
2  AC148152.3_FG005      0.065486      0.000000       0.00000        ...                  8.31877           2.798070           4.909240           5.899340
3  AC148152.3_FG006      0.000000      0.000000       0.00000        ...                  0.00000           0.000000           0.000000           0.000000
4  AC148152.3_FG007      0.000000      0.000000       0.00000        ...                  0.00000           0.000000           0.000000           0.000000

[5 rows x 18 columns]

GSE110315_5DAP_genes_fpkm-from-norm-counts.txt
             GeneID     GEMS44       JI63        R15    CIMBL49   CIMBL121    ...         CML323      YE515      JI853   CIMBL147      GEMS4     DONG46
0  AC148152.3_FG001   0.083647   0.000000   0.114991   0.000000   0.085604    ...       0.000000   0.254569   0.000000   0.000000   0.000000   0.000000
1  AC148152.3_FG005   8.183136  39.636514   4.741152  85.046225   1.901120    ...       0.680718  18.565767  31.708932  50.553268   3.581635   0.134785
2  AC148152.3_FG006   0.000000   0.000000   0.000000   0.000000   0.000000    ...       0.077044   0.000000   0.143553   0.000000   0.000000   0.000000
3  AC148152.3_FG008   0.213175   0.270488   0.251189   0.045363   0.062332    ...       0.146931   0.000000   0.239550   0.071709   0.060240   0.261836
4  AC148167.6_FG001  23.962940  16.752720  24.536949  19.997054  21.802959    ...      11.268376  27.506940  12.034269  20.567264  13.559325  16.815494

[5 rows x 319 columns]

GSE51047_wt_ra1_1mm_genes_fpkm_combined.txt
             GeneID   wt_FPKM  ra1_FPKM
0     GRMZM2G100965  0.607889  0.276652
1     GRMZM2G100979  0.000000  0.000000
2     GRMZM2G341658  0.406694  0.101366
3     GRMZM2G415022  2.789730  0.894794
4  AC195959.2_FG004  0.000000  0.000000

GSE51047_wt_ra2_2mm_genes_fpkm_combined.txt
             GeneID   wt_FPKM  ra2_FPKM
0     GRMZM2G100965  0.442221  0.258522
1     GRMZM2G100979  0.673770  0.134327
2     GRMZM2G341658  0.426503  0.181554
3     GRMZM2G415022  0.977390  0.464396
4  AC195959.2_FG004  0.000000  0.000000

GSE61333_ligule_fpkm.txt
             GeneID  B_3  B_4  B_5  L_3  L_4  L_5  S_3  S_4  S_5  B_L1_1  ...    L_L1_2  L_L1_3  S_L1_1  S_L1_2  S_L1_3  wtL_1  wtL_2  wtL_3  lg1_1  lg1_2  lg1_3
0  AC147602.5_FG004  0.0  0.0  0.0  0.0  0.0  0.0  0.0  0.0  0.0     0.0  ...       0.0     0.0     0.0     0.0     0.0    0.0    0.0    0.0    0.0    0.0    0.0
1  AC148152.3_FG001  0.0  0.0  0.0  0.0  0.0  0.0  0.0  0.0  0.0     0.0  ...       0.0     0.0     0.0     0.0     0.0    0.0    0.0    0.0    0.0    0.0    0.0
2  AC148152.3_FG002  0.0  0.0  0.0  0.0  0.0  0.0  0.0  0.0  0.0     0.0  ...       0.0     0.0     0.0     0.0     0.0    0.0    0.0    0.0    0.0    0.0    0.0
3  AC148152.3_FG005  0.0  0.0  0.0  0.0  0.0  0.0  0.0  0.0  0.0     0.0  ...       0.0     0.0     0.0     0.0     0.0    0.0    0.0    0.0    0.0    0.0    0.0
4  AC148152.3_FG006  0.0  0.0  0.0  0.0  0.0  0.0  0.0  0.0  0.0     0.0  ...       0.0     0.0     0.0     0.0     0.0    0.0    0.0    0.0    0.0    0.0    0.0

[5 rows x 25 columns]

GSE71723_transcript_fpkms.txt
              GeneID  Translation_Length  A5670129   A5670130    A5670131  A5670132    ...     C9180091  C9180092  C9180093  C9180094  C9180095  C9180096
0  GRMZM2G000005_T01                67.0       NaN        NaN         NaN       NaN    ...          NaN       NaN       NaN       NaN       NaN       NaN
1  GRMZM2G000007_T01                 0.0       NaN        NaN  100.000000       NaN    ...        100.0     100.0     100.0     100.0     100.0       NaN
2  GRMZM2G000009_T01                82.0       NaN        NaN         NaN       NaN    ...          NaN       NaN       NaN       NaN       NaN     100.0
3  GRMZM2G000011_T01                 0.0       NaN        NaN  100.000000       NaN    ...          NaN       NaN       NaN       NaN       NaN       NaN
4  GRMZM2G000014_T01               426.0       0.0  10.205788   10.805032  1.024341    ...          0.0       0.0       0.0       0.0       0.0       0.0

[5 rows x 96 columns]

GSE122866_all_fpkm_for_18_samples.txt
             GeneID  CF1_1_FPKM  CF1_2_FPKM  CF1_3_FPKM  CM1_FPKM  CM2_FPKM  CM3_FPKM   ...     F1_3_FPKM  M1_FPKM  M2_FPKM  M3_FPKM  Q1_FPKM  Q2_FPKM  Q3_FPKM
0  AC148152.3_FG001        0.09        0.05        0.25      0.08      0.04      0.18   ...          0.22     0.00     0.00     0.00     0.28     0.58     0.60
1  AC148152.3_FG005        1.23        0.21        0.34      0.32      0.18      0.05   ...          1.72     0.88    13.74     2.30     8.62     5.77     4.58
2  AC148152.3_FG006        0.34        0.14        0.16      0.25      0.06      0.00   ...          0.33     0.60     2.29     1.11     0.00     0.00     0.00
3  AC148152.3_FG008       28.48       24.78       26.32     34.66     34.97     34.14   ...         15.86    24.93    30.16    29.80     7.11     5.45     8.56
4  AC148167.6_FG001       24.07       23.04       25.69     28.11     32.13     32.74   ...        101.98    86.80    85.85    79.81    77.30    69.13    70.48

[5 rows x 19 columns]

GSE101943_gene_FPKM_table_leaves.txt
             GeneID    wt_leaf  homo_leaf
0  AC148152.3_FG001   0.000000   0.000000
1  AC148152.3_FG005   0.292814   0.527499
2  AC148152.3_FG006   0.000000   0.000000
3  AC148152.3_FG008   8.476100   8.698520
4  AC148167.6_FG001  32.777000  28.618100

GSE40070_leaf-cntrl-treated-fpkm.mat.txt
             GeneID     MLC_1      MLC_2      MLD_1     MLD_2
0  AC147602.5_FG004  163.6290  202.33500  206.51900  250.6330
1  AC148152.3_FG005   18.7576    3.34825   17.34880   37.9367
2  AC148152.3_FG008   11.3524   11.59790    9.96134   14.5426
3  AC148167.6_FG001   36.1763   32.75980   36.76450   40.3013
4  AC149475.2_FG002   22.3018   18.88880   22.53520   23.9099

GSE51047_wt_1mm_2mm_genes_fpkm_combined.txt
             GeneID  wt_1mm_FPKM  wt_2mm_FPKM
0     GRMZM2G100965     0.577874     0.445371
1     GRMZM2G100979     0.000000     0.678305
2     GRMZM2G341658     0.386755     0.429405
3     GRMZM2G415022     2.638450     0.984697
4  AC195959.2_FG004     0.000000     0.000000

GSE51047_ear_dev_series_fpkm_combined.txt
             GeneID  ear_tip_FPKM  ear_mid_FPKM  ear_base_FPKM
0     GRMZM2G100965      0.126404      0.316961       0.416117
1     GRMZM2G100979      0.000000      0.101638       0.000000
2     GRMZM2G341658      0.103922      0.115436       0.132927
3     GRMZM2G415022      1.430290      0.924184       0.550753
4  AC195959.2_FG004      0.000000      0.000000       0.065886

Install xlrd >= 0.9.0 for Excel support
Skipped! Error loading data from ../data/zea_mays/GSE95399_Sample_rawcounts_FPKM.xls
GSE51047_wt_ra2_1mm_genes_fpkm_combined.txt
             GeneID   wt_FPKM  ra2_FPKM
0     GRMZM2G100965  0.647092  0.355170
1     GRMZM2G100979  0.000000  0.306649
2     GRMZM2G341658  0.434122  0.638555
3     GRMZM2G415022  2.992980  2.827830
4  AC195959.2_FG004  0.000000  0.000000

GSE137826_kenwang_FPKM.csv
          GeneID  FPKM_sample01  FPKM_sample02  FPKM_sample04  FPKM_sample09      ...        FPKM_sample34  FPKM_sample35  FPKM_sample36  FPKM_sample37  FPKM_sample38
0  GRMZM5G800096       0.039094       0.186997       0.165339       0.048478      ...             0.202570       0.094056       0.353993       0.228787       0.196970
1  GRMZM5G800101       0.000000       0.000000       0.000000       0.000000      ...             0.000000       0.000000       0.000000       0.000000       0.000000
2  GRMZM5G800457       0.000000       0.060786       0.000000       0.000000      ...             0.000000       0.000000       0.000000       0.000000       0.000000
3  GRMZM5G800780       0.787711       0.436879       0.131230       0.200442      ...             0.000000       0.443889       0.304136       0.742624       0.035700
4  GRMZM5G800980       0.702351       0.584711       0.929719       0.528907      ...             0.078205       0.327751       1.180293       1.215849       0.783824

[5 rows x 34 columns]

GSE38413_Maize_Pericarp_14DAP_mRNA-Seq_genes.fpkm_tracking
             GeneID  Prr14_FPKM  Pww14_FPKM
0  AC147602.5_FG004    0.000000      0.0000
1  AC148152.3_FG001    0.000000      0.0000
2  AC148152.3_FG005    0.000000     13.5013
3  AC148152.3_FG006    0.075064      0.0000
4  AC148152.3_FG008    0.000000      0.0000

GSE68589_RNA_maize_FPKM_value.txt
                  GeneID  10_OPEA_rep1  10_OPEA_rep2  10_OPEA_rep3  10_OPEA_rep4    ...      12_OPEA_rep4  DMSO_rep1  DMSO_rep2  DMSO_rep3  DMSO_rep4
0  gene:AC148152.3_FG001      0.682550      0.494993      0.237933      1.004130    ...          0.784946    1.06759   0.499481   0.741154   0.435699
1  gene:AC148152.3_FG005      0.537523      1.342720      1.693330      0.613283    ...          2.618790    0.00000   0.156659   0.137908   0.000000
2  gene:AC148152.3_FG006      0.000000      0.000000      0.000000      0.000000    ...          0.000000    0.00000   0.000000   0.000000   0.000000
3  gene:AC148152.3_FG008      5.876140      6.397380      4.384720      6.732090    ...          5.445590   10.53020   6.602930  11.202300   8.709690
4  gene:AC148167.6_FG001     24.323900     28.569400     26.750900     30.930100    ...         36.442000   28.12770  37.979000  34.945900  33.485600

[5 rows x 13 columns]

GSE67550_FPKM_table.txt
          GeneID  MATZ_8DAP_r1  BETL_8DAP_r1  MATZ_14DAP_r1  BETL_14DAP_r1      ...        BETL_8DAP_r2  MATZ_14DAP_r2  BETL_14DAP_r2  MATZ_20DAP_r2  BETL_20DAP_r2
0  GRMZM2G067315  22579.035130    804.612881   11746.050710     847.812922      ...          764.519003   11734.007870     691.432138    3141.764008      82.465972
1  GRMZM2G406552    981.760169  61359.387230    9614.646710  133906.904800      ...        70372.449140   10878.469310  130459.915600   11416.792890  226438.939400
2  GRMZM2G003762   2274.519472    990.121829    6652.620077    1192.703094      ...          940.009190    6220.244354    1396.065704    2392.264185     452.858551
3  GRMZM2G031317   2150.666284    260.169658    6414.757527     507.235353      ...          267.354341    7918.726885     649.977335    7955.741623     312.374033
4  GRMZM2G092125   5912.734770   2520.169261    5962.100294    1071.132537      ...         2442.072108    6828.479486     735.719483    8063.731734     542.498404

[5 rows x 13 columns]

GSE38414_Maize_Silks_mRNA-Seq_genes.fpkm_tracking
             GeneID    Prr_FPKM   Pww_FPKM
0  AC147602.5_FG004  104.046000  53.870500
1  AC148152.3_FG001    0.000000   0.000000
2  AC148152.3_FG005  100.750000  59.569000
3  AC148152.3_FG006    0.000000   0.000000
4  AC148152.3_FG008    0.916925   0.222492

